   1               		.file	"CDC.c"
   2               	__SP_H__ = 0x3e
   3               	__SP_L__ = 0x3d
   4               	__SREG__ = 0x3f
   5               	__RAMPZ__ = 0x3b
   6               	__tmp_reg__ = 0
   7               	__zero_reg__ = 1
   8               		.text
   9               	.Ltext0:
  10               		.cfi_sections	.debug_frame
  11               	.Letext0:
DEFINED SYMBOLS
                            *ABS*:00000000 CDC.c
/var/folders/gx/kn5blx6n78333p7442q7pm940000gn/T//ccV9iJey.s:2      *ABS*:0000003e __SP_H__
/var/folders/gx/kn5blx6n78333p7442q7pm940000gn/T//ccV9iJey.s:3      *ABS*:0000003d __SP_L__
/var/folders/gx/kn5blx6n78333p7442q7pm940000gn/T//ccV9iJey.s:4      *ABS*:0000003f __SREG__
/var/folders/gx/kn5blx6n78333p7442q7pm940000gn/T//ccV9iJey.s:5      *ABS*:0000003b __RAMPZ__
/var/folders/gx/kn5blx6n78333p7442q7pm940000gn/T//ccV9iJey.s:6      *ABS*:00000000 __tmp_reg__
/var/folders/gx/kn5blx6n78333p7442q7pm940000gn/T//ccV9iJey.s:7      *ABS*:00000001 __zero_reg__

NO UNDEFINED SYMBOLS
